Connecting to database specified by database.yml
Connecting to database specified by database.yml
  [1m[36m (1.6ms)[0m  [1mSELECT `schema_migrations`.`version` FROM `schema_migrations` [0m
Connecting to database specified by database.yml
  [1m[36m (74.9ms)[0m  [1mCREATE TABLE `schema_migrations` (`version` varchar(255) NOT NULL) ENGINE=InnoDB[0m
  [1m[35m (32.1ms)[0m  CREATE UNIQUE INDEX `unique_schema_migrations` ON `schema_migrations` (`version`)
  [1m[36m (1.5ms)[0m  [1mSELECT `schema_migrations`.`version` FROM `schema_migrations` [0m
Connecting to database specified by database.yml
  [1m[36m (1.7ms)[0m  [1mSELECT `schema_migrations`.`version` FROM `schema_migrations` [0m
Connecting to database specified by database.yml
  [1m[36m (1.5ms)[0m  [1mSELECT `schema_migrations`.`version` FROM `schema_migrations` [0m
Connecting to database specified by database.yml
  [1m[36m (1.5ms)[0m  [1mSELECT `schema_migrations`.`version` FROM `schema_migrations` [0m
Connecting to database specified by database.yml
  [1m[36m (1.5ms)[0m  [1mSELECT `schema_migrations`.`version` FROM `schema_migrations` [0m
Connecting to database specified by database.yml
Connecting to database specified by database.yml
  [1m[36m (1.6ms)[0m  [1mSELECT `schema_migrations`.`version` FROM `schema_migrations` [0m
Connecting to database specified by database.yml
  [1m[36m (1.6ms)[0m  [1mSELECT `schema_migrations`.`version` FROM `schema_migrations` [0m
Connecting to database specified by database.yml
  [1m[36m (1.6ms)[0m  [1mSELECT `schema_migrations`.`version` FROM `schema_migrations` [0m
Migrating to AddRedirectUrlToCmsPages (20130805015142)
  [1m[35m (0.4ms)[0m  ALTER TABLE `cms_pages` ADD `redirect_path` varchar(255)
Mysql2::Error: Table 'cms_development.cms_pages' doesn't exist: ALTER TABLE `cms_pages` ADD `redirect_path` varchar(255)
Connecting to database specified by database.yml
  [1m[36m (1.6ms)[0m  [1mSELECT `schema_migrations`.`version` FROM `schema_migrations` [0m
Migrating to DeviseCreateCmsUsers (20121128033917)
  [1m[35m (20.3ms)[0m  CREATE TABLE `cms_users` (`id` int(11) DEFAULT NULL auto_increment PRIMARY KEY, `nickname` varchar(255), `is_admin` tinyint(1) DEFAULT 0, `email` varchar(255) DEFAULT '' NOT NULL, `encrypted_password` varchar(255) DEFAULT '' NOT NULL, `reset_password_token` varchar(255), `reset_password_sent_at` datetime, `remember_created_at` datetime, `sign_in_count` int(11) DEFAULT 0, `current_sign_in_at` datetime, `last_sign_in_at` datetime, `current_sign_in_ip` varchar(255), `last_sign_in_ip` varchar(255), `created_at` datetime NOT NULL, `updated_at` datetime NOT NULL) ENGINE=InnoDB
  [1m[36m (23.7ms)[0m  [1mCREATE UNIQUE INDEX `index_cms_users_on_email` ON `cms_users` (`email`)[0m
  [1m[35m (16.8ms)[0m  CREATE UNIQUE INDEX `index_cms_users_on_reset_password_token` ON `cms_users` (`reset_password_token`)
  [1m[36m (0.4ms)[0m  [1mINSERT INTO `schema_migrations` (`version`) VALUES ('20121128033917')[0m
Migrating to CreateCmsNavigations (20121128033927)
  [1m[35m (16.5ms)[0m  CREATE TABLE `cms_navigations` (`id` int(11) DEFAULT NULL auto_increment PRIMARY KEY, `name` varchar(255), `link` varchar(255), `link_title` varchar(255), `position` int(11) DEFAULT 0, `is_hidden` tinyint(1) DEFAULT 0, `created_at` datetime NOT NULL, `updated_at` datetime NOT NULL) ENGINE=InnoDB
  [1m[36m (19.8ms)[0m  [1mCREATE INDEX `index_cms_navigations_on_is_hidden` ON `cms_navigations` (`is_hidden`)[0m
  [1m[35m (0.3ms)[0m  INSERT INTO `schema_migrations` (`version`) VALUES ('20121128033927')
Migrating to CreateCmsFiles (20121128033937)
  [1m[36m (16.0ms)[0m  [1mCREATE TABLE `cms_files` (`id` int(11) DEFAULT NULL auto_increment PRIMARY KEY, `cms_user_id` int(11), `image` varchar(255), `title` varchar(255), `created_at` datetime NOT NULL, `updated_at` datetime NOT NULL) ENGINE=InnoDB[0m
  [1m[35m (26.7ms)[0m  CREATE INDEX `index_cms_files_on_cms_user_id` ON `cms_files` (`cms_user_id`)
  [1m[36m (0.3ms)[0m  [1mINSERT INTO `schema_migrations` (`version`) VALUES ('20121128033937')[0m
Migrating to CreateCmsPages (20121128033947)
  [1m[35m (15.1ms)[0m  CREATE TABLE `cms_pages` (`id` int(11) DEFAULT NULL auto_increment PRIMARY KEY, `parent_id` int(11), `author_id` int(11), `sidebar_id` int(11), `position` int(11) DEFAULT 0, `children_count` int(11) DEFAULT 0, `title` varchar(255), `is_displayed_title` tinyint(1) DEFAULT 1, `slug` varchar(255), `meta_description` varchar(255), `meta_keywords` varchar(255), `content` text, `is_published` tinyint(1) DEFAULT 1, `old_id` int(11), `created_at` datetime NOT NULL, `updated_at` datetime NOT NULL) ENGINE=InnoDB
  [1m[36m (16.0ms)[0m  [1mCREATE INDEX `index_cms_pages_on_parent_id` ON `cms_pages` (`parent_id`)[0m
  [1m[35m (12.4ms)[0m  CREATE INDEX `index_cms_pages_on_author_id` ON `cms_pages` (`author_id`)
  [1m[36m (23.9ms)[0m  [1mCREATE INDEX `index_cms_pages_on_sidebar_id` ON `cms_pages` (`sidebar_id`)[0m
  [1m[35m (22.4ms)[0m  CREATE INDEX `index_cms_pages_on_slug` ON `cms_pages` (`slug`)
  [1m[36m (19.3ms)[0m  [1mCREATE INDEX `index_cms_pages_on_is_displayed_title` ON `cms_pages` (`is_displayed_title`)[0m
  [1m[35m (22.2ms)[0m  CREATE INDEX `index_cms_pages_on_is_published` ON `cms_pages` (`is_published`)
  [1m[36m (0.3ms)[0m  [1mINSERT INTO `schema_migrations` (`version`) VALUES ('20121128033947')[0m
Migrating to CreateCmsSettings (20121128033957)
  [1m[35m (12.9ms)[0m  CREATE TABLE `cms_settings` (`id` int(11) DEFAULT NULL auto_increment PRIMARY KEY, `key` varchar(255), `value` varchar(255), `description` varchar(255), `created_at` datetime NOT NULL, `updated_at` datetime NOT NULL) ENGINE=InnoDB
  [1m[36m (15.2ms)[0m  [1mCREATE UNIQUE INDEX `index_cms_settings_on_key` ON `cms_settings` (`key`)[0m
  [1m[35m (0.3ms)[0m  INSERT INTO `schema_migrations` (`version`) VALUES ('20121128033957')
Migrating to CreateCmsSidebars (20121128033967)
  [1m[36m (22.4ms)[0m  [1mCREATE TABLE `cms_sidebars` (`id` int(11) DEFAULT NULL auto_increment PRIMARY KEY, `name` varchar(255), `content` text, `created_at` datetime NOT NULL, `updated_at` datetime NOT NULL) ENGINE=InnoDB[0m
  [1m[35m (0.5ms)[0m  INSERT INTO `schema_migrations` (`version`) VALUES ('20121128033967')
Migrating to AddMetaTitleToPage (20121227032883)
  [1m[36m (18.9ms)[0m  [1mALTER TABLE `cms_pages` ADD `meta_title` varchar(255)[0m
  [1m[35m (0.2ms)[0m  INSERT INTO `schema_migrations` (`version`) VALUES ('20121227032883')
Migrating to AddRedirectUrlToCmsPages (20130805015142)
  [1m[36m (13.9ms)[0m  [1mALTER TABLE `cms_pages` ADD `redirect_path` varchar(255)[0m
  [1m[35m (0.4ms)[0m  INSERT INTO `schema_migrations` (`version`) VALUES ('20130805015142')
  [1m[36m (0.1ms)[0m  [1mSELECT `schema_migrations`.`version` FROM `schema_migrations` [0m
Connecting to database specified by database.yml
  [1m[36m (1.8ms)[0m  [1mSELECT `schema_migrations`.`version` FROM `schema_migrations` [0m
  [1m[35m (1.3ms)[0m  DROP DATABASE IF EXISTS `cms_test`
  [1m[36m (0.3ms)[0m  [1mCREATE DATABASE `cms_test` DEFAULT CHARACTER SET `utf8` COLLATE `utf8_unicode_ci`[0m
  [1m[35m (12.8ms)[0m  CREATE TABLE `cms_files` (`id` int(11) DEFAULT NULL auto_increment PRIMARY KEY, `cms_user_id` int(11), `image` varchar(255), `title` varchar(255), `created_at` datetime NOT NULL, `updated_at` datetime NOT NULL) ENGINE=InnoDB
  [1m[36m (14.7ms)[0m  [1mCREATE INDEX `index_cms_files_on_cms_user_id` ON `cms_files` (`cms_user_id`)[0m
  [1m[35m (8.6ms)[0m  CREATE TABLE `cms_navigations` (`id` int(11) DEFAULT NULL auto_increment PRIMARY KEY, `name` varchar(255), `link` varchar(255), `link_title` varchar(255), `position` int(11) DEFAULT 0, `is_hidden` tinyint(1) DEFAULT 0, `created_at` datetime NOT NULL, `updated_at` datetime NOT NULL) ENGINE=InnoDB
  [1m[36m (16.4ms)[0m  [1mCREATE INDEX `index_cms_navigations_on_is_hidden` ON `cms_navigations` (`is_hidden`)[0m
  [1m[35m (9.4ms)[0m  CREATE TABLE `cms_pages` (`id` int(11) DEFAULT NULL auto_increment PRIMARY KEY, `parent_id` int(11), `author_id` int(11), `sidebar_id` int(11), `position` int(11) DEFAULT 0, `children_count` int(11) DEFAULT 0, `title` varchar(255), `is_displayed_title` tinyint(1) DEFAULT 1, `slug` varchar(255), `meta_description` varchar(255), `meta_keywords` varchar(255), `content` text, `is_published` tinyint(1) DEFAULT 1, `old_id` int(11), `created_at` datetime NOT NULL, `updated_at` datetime NOT NULL, `meta_title` varchar(255), `redirect_path` varchar(255)) ENGINE=InnoDB
  [1m[36m (11.6ms)[0m  [1mCREATE INDEX `index_cms_pages_on_author_id` ON `cms_pages` (`author_id`)[0m
  [1m[35m (17.4ms)[0m  CREATE INDEX `index_cms_pages_on_is_displayed_title` ON `cms_pages` (`is_displayed_title`)
  [1m[36m (17.1ms)[0m  [1mCREATE INDEX `index_cms_pages_on_is_published` ON `cms_pages` (`is_published`)[0m
  [1m[35m (21.7ms)[0m  CREATE INDEX `index_cms_pages_on_parent_id` ON `cms_pages` (`parent_id`)
  [1m[36m (13.0ms)[0m  [1mCREATE INDEX `index_cms_pages_on_sidebar_id` ON `cms_pages` (`sidebar_id`)[0m
  [1m[35m (15.9ms)[0m  CREATE INDEX `index_cms_pages_on_slug` ON `cms_pages` (`slug`)
  [1m[36m (22.0ms)[0m  [1mCREATE TABLE `cms_settings` (`id` int(11) DEFAULT NULL auto_increment PRIMARY KEY, `key` varchar(255), `value` varchar(255), `description` varchar(255), `created_at` datetime NOT NULL, `updated_at` datetime NOT NULL) ENGINE=InnoDB[0m
  [1m[35m (25.5ms)[0m  CREATE UNIQUE INDEX `index_cms_settings_on_key` ON `cms_settings` (`key`)
  [1m[36m (12.5ms)[0m  [1mCREATE TABLE `cms_sidebars` (`id` int(11) DEFAULT NULL auto_increment PRIMARY KEY, `name` varchar(255), `content` text, `created_at` datetime NOT NULL, `updated_at` datetime NOT NULL) ENGINE=InnoDB[0m
  [1m[35m (13.1ms)[0m  CREATE TABLE `cms_users` (`id` int(11) DEFAULT NULL auto_increment PRIMARY KEY, `nickname` varchar(255), `is_admin` tinyint(1) DEFAULT 0, `email` varchar(255) DEFAULT '' NOT NULL, `encrypted_password` varchar(255) DEFAULT '' NOT NULL, `reset_password_token` varchar(255), `reset_password_sent_at` datetime, `remember_created_at` datetime, `sign_in_count` int(11) DEFAULT 0, `current_sign_in_at` datetime, `last_sign_in_at` datetime, `current_sign_in_ip` varchar(255), `last_sign_in_ip` varchar(255), `created_at` datetime NOT NULL, `updated_at` datetime NOT NULL) ENGINE=InnoDB
  [1m[36m (11.1ms)[0m  [1mCREATE UNIQUE INDEX `index_cms_users_on_email` ON `cms_users` (`email`)[0m
  [1m[35m (9.7ms)[0m  CREATE UNIQUE INDEX `index_cms_users_on_reset_password_token` ON `cms_users` (`reset_password_token`)
  [1m[36m (17.0ms)[0m  [1mCREATE TABLE `schema_migrations` (`version` varchar(255) NOT NULL) ENGINE=InnoDB[0m
  [1m[35m (14.8ms)[0m  CREATE UNIQUE INDEX `unique_schema_migrations` ON `schema_migrations` (`version`)
  [1m[36m (0.2ms)[0m  [1mSELECT version FROM `schema_migrations`[0m
  [1m[35m (0.7ms)[0m  INSERT INTO `schema_migrations` (version) VALUES ('20130805015142')
  [1m[36m (0.3ms)[0m  [1mINSERT INTO `schema_migrations` (version) VALUES ('20121128033917')[0m
  [1m[35m (0.3ms)[0m  INSERT INTO `schema_migrations` (version) VALUES ('20121128033927')
  [1m[36m (0.2ms)[0m  [1mINSERT INTO `schema_migrations` (version) VALUES ('20121128033937')[0m
  [1m[35m (0.2ms)[0m  INSERT INTO `schema_migrations` (version) VALUES ('20121128033947')
  [1m[36m (0.3ms)[0m  [1mINSERT INTO `schema_migrations` (version) VALUES ('20121128033957')[0m
  [1m[35m (0.2ms)[0m  INSERT INTO `schema_migrations` (version) VALUES ('20121128033967')
  [1m[36m (0.2ms)[0m  [1mINSERT INTO `schema_migrations` (version) VALUES ('20121227032883')[0m
